<?xml version="1.0" encoding="UTF-8"?>
<testsuite xmlns:xsi="http://www.w3.org/2001/XMLSchema-instance" xsi:noNamespaceSchemaLocation="https://maven.apache.org/surefire/maven-surefire-plugin/xsd/surefire-test-report-3.0.xsd" version="3.0" name="com.quantity.measurement.QuantityLengthTest" time="0.116" tests="13" errors="0" skipped="0" failures="0">
  <properties>
[...]
</properties>
  <testcase name="given1YardAnd3Feet_WhenAddedWithTargetYards_ShouldReturn2Yards" classname="com.quantity.measurement.QuantityLengthTest" time="0.048"/>
  <testcase name="givenNullTargetUnit_WhenAdded_ShouldThrowException" classname="com.quantity.measurement.QuantityLengthTest" time="0.002"/>
  <testcase name="given5FeetAnd0Inches_WhenAddedWithTargetFeet_ShouldReturn5Feet" classname="com.quantity.measurement.QuantityLengthTest" time="0.002"/>
  <testcase name="givenNaNValue_WhenCreated_ShouldThrowException" classname="com.quantity.measurement.QuantityLengthTest" time="0.002"/>
  <testcase name="given1FeetAnd12Inches_WhenAddedWithTargetInches_ShouldReturn24Inches" classname="com.quantity.measurement.QuantityLengthTest" time="0.001"/>
  <testcase name="LengthUnit_INCHES_convertToBaseUnit_12_ShouldReturn_1" classname="com.quantity.measurement.QuantityLengthTest" time="0.001"/>
  <testcase name="given36InchesAnd1Yard_WhenCompared_ShouldBeEqual" classname="com.quantity.measurement.QuantityLengthTest" time="0.003"/>
  <testcase name="givenInfinityValue_WhenCreated_ShouldThrowException" classname="com.quantity.measurement.QuantityLengthTest" time="0.002"/>
  <testcase name="given1Feet_WhenConvertedToInches_ShouldReturn12Inches" classname="com.quantity.measurement.QuantityLengthTest" time="0.002"/>
  <testcase name="givenImplicitAddition_ShouldDefaultToFirstOperandUnit" classname="com.quantity.measurement.QuantityLengthTest" time="0.001"/>
  <testcase name="given1FeetAnd12Inches_WhenAddedWithTargetFeet_ShouldReturn2Feet" classname="com.quantity.measurement.QuantityLengthTest" time="0.001"/>
  <testcase name="given2Point54Cm_WhenConvertedToInches_ShouldReturn1Inch" classname="com.quantity.measurement.QuantityLengthTest" time="0.0"/>
  <testcase name="LengthUnit_FEET_convertToBaseUnit_12_ShouldReturn_12" classname="com.quantity.measurement.QuantityLengthTest" time="0.001"/>
</testsuite>